<?xml version="1.0" encoding="UTF-8"?>
<testng-results skipped="0" failed="0" ignored="0" total="8" passed="8">
  <reporter-output>
  </reporter-output>
  <suite name="All Test Suite" duration-ms="24908" started-at="2022-02-08T16:50:47 IST" finished-at="2022-02-08T16:51:12 IST">
    <groups>
    </groups>
    <test name="C:/Users/AmanShukla/IdeaProjects/DemoFramework/src/test/java/TestCases" duration-ms="24908" started-at="2022-02-08T16:50:47 IST" finished-at="2022-02-08T16:51:12 IST">
      <class name="TestCases.HomePageTest">
        <test-method status="PASS" signature="validateAdminModuletest()[pri:0, instance:TestCases.HomePageTest@458c1321]" name="validateAdminModuletest" duration-ms="1993" started-at="2022-02-08T16:51:00 IST" finished-at="2022-02-08T16:51:02 IST">
          <reporter-output>
          </reporter-output>
        </test-method> <!-- validateAdminModuletest -->
        <test-method status="PASS" signature="validatePimtest()[pri:1, instance:TestCases.HomePageTest@458c1321]" name="validatePimtest" duration-ms="1894" started-at="2022-02-08T16:51:02 IST" finished-at="2022-02-08T16:51:04 IST">
          <reporter-output>
          </reporter-output>
        </test-method> <!-- validatePimtest -->
        <test-method status="PASS" signature="validateleavetest()[pri:2, instance:TestCases.HomePageTest@458c1321]" name="validateleavetest" duration-ms="2302" started-at="2022-02-08T16:51:04 IST" finished-at="2022-02-08T16:51:06 IST">
          <reporter-output>
          </reporter-output>
        </test-method> <!-- validateleavetest -->
        <test-method status="PASS" signature="validatetimetest()[pri:3, instance:TestCases.HomePageTest@458c1321]" name="validatetimetest" duration-ms="1301" started-at="2022-02-08T16:51:06 IST" finished-at="2022-02-08T16:51:08 IST">
          <reporter-output>
          </reporter-output>
        </test-method> <!-- validatetimetest -->
        <test-method status="PASS" signature="validaterecruitmenttest()[pri:4, instance:TestCases.HomePageTest@458c1321]" name="validaterecruitmenttest" duration-ms="1333" started-at="2022-02-08T16:51:08 IST" finished-at="2022-02-08T16:51:09 IST">
          <reporter-output>
          </reporter-output>
        </test-method> <!-- validaterecruitmenttest -->
        <test-method status="PASS" signature="validatemyinfotest()[pri:5, instance:TestCases.HomePageTest@458c1321]" name="validatemyinfotest" duration-ms="2134" started-at="2022-02-08T16:51:09 IST" finished-at="2022-02-08T16:51:11 IST">
          <reporter-output>
          </reporter-output>
        </test-method> <!-- validatemyinfotest -->
        <test-method status="PASS" signature="validatelogout()[pri:6, instance:TestCases.HomePageTest@458c1321]" name="validatelogout" duration-ms="1265" started-at="2022-02-08T16:51:11 IST" finished-at="2022-02-08T16:51:12 IST">
          <reporter-output>
          </reporter-output>
        </test-method> <!-- validatelogout -->
      </class> <!-- TestCases.HomePageTest -->
      <class name="TestCases.LoginPageTest">
        <test-method status="PASS" signature="setup()[pri:0, instance:TestCases.LoginPageTest@704a52ec]" name="setup" is-config="true" duration-ms="8949" started-at="2022-02-08T16:50:39 IST" finished-at="2022-02-08T16:50:47 IST">
          <reporter-output>
          </reporter-output>
        </test-method> <!-- setup -->
        <test-method status="PASS" signature="forgotPasswrdButton()[pri:0, instance:TestCases.LoginPageTest@704a52ec]" name="forgotPasswrdButton" is-config="true" duration-ms="1058" started-at="2022-02-08T16:50:48 IST" finished-at="2022-02-08T16:50:49 IST">
          <reporter-output>
          </reporter-output>
        </test-method> <!-- forgotPasswrdButton -->
        <test-method status="PASS" signature="userlogintest()[pri:0, instance:TestCases.LoginPageTest@704a52ec]" name="userlogintest" is-config="true" duration-ms="11444" started-at="2022-02-08T16:50:49 IST" finished-at="2022-02-08T16:51:00 IST">
          <reporter-output>
          </reporter-output>
        </test-method> <!-- userlogintest -->
        <test-method status="PASS" signature="loginpagetitletest()[pri:0, instance:TestCases.LoginPageTest@704a52ec]" name="loginpagetitletest" duration-ms="8" started-at="2022-02-08T16:51:00 IST" finished-at="2022-02-08T16:51:00 IST">
          <reporter-output>
          </reporter-output>
        </test-method> <!-- loginpagetitletest -->
        <test-method status="PASS" signature="teardown()[pri:0, instance:TestCases.LoginPageTest@704a52ec]" name="teardown" is-config="true" duration-ms="667" started-at="2022-02-08T16:51:13 IST" finished-at="2022-02-08T16:51:13 IST">
          <reporter-output>
          </reporter-output>
        </test-method> <!-- teardown -->
      </class> <!-- TestCases.LoginPageTest -->
    </test> <!-- C:/Users/AmanShukla/IdeaProjects/DemoFramework/src/test/java/TestCases -->
  </suite> <!-- All Test Suite -->
</testng-results>
