<?xml version="1.0" encoding="UTF-8"?>
<testng-results skipped="0" failed="0" ignored="0" total="4" passed="4">
  <reporter-output>
  </reporter-output>
  <suite name="Default Suite" duration-ms="54" started-at="2022-02-02T16:51:20 IST" finished-at="2022-02-02T16:51:20 IST">
    <groups>
      <group name="Sanity">
        <method signature="GroupingTests.test1()[pri:0, instance:TestngDemo.GroupingTests@3dd4520b]" name="test1" class="TestngDemo.GroupingTests"/>
        <method signature="GroupingTests.test2()[pri:0, instance:TestngDemo.GroupingTests@3dd4520b]" name="test2" class="TestngDemo.GroupingTests"/>
      </group> <!-- Sanity -->
      <group name="regression">
        <method signature="GroupingTests.test1()[pri:0, instance:TestngDemo.GroupingTests@3dd4520b]" name="test1" class="TestngDemo.GroupingTests"/>
        <method signature="GroupingTests.test2()[pri:0, instance:TestngDemo.GroupingTests@3dd4520b]" name="test2" class="TestngDemo.GroupingTests"/>
        <method signature="GroupingTests.test3()[pri:0, instance:TestngDemo.GroupingTests@3dd4520b]" name="test3" class="TestngDemo.GroupingTests"/>
        <method signature="GroupingTests.test4()[pri:0, instance:TestngDemo.GroupingTests@3dd4520b]" name="test4" class="TestngDemo.GroupingTests"/>
      </group> <!-- regression -->
      <group name="smoke">
        <method signature="GroupingTests.test3()[pri:0, instance:TestngDemo.GroupingTests@3dd4520b]" name="test3" class="TestngDemo.GroupingTests"/>
        <method signature="GroupingTests.test4()[pri:0, instance:TestngDemo.GroupingTests@3dd4520b]" name="test4" class="TestngDemo.GroupingTests"/>
      </group> <!-- smoke -->
    </groups>
    <test name="HRMtesting" duration-ms="54" started-at="2022-02-02T16:51:20 IST" finished-at="2022-02-02T16:51:20 IST">
      <class name="TestngDemo.GroupingTests">
        <test-method status="PASS" signature="test1()[pri:0, instance:TestngDemo.GroupingTests@3dd4520b]" name="test1" duration-ms="15" started-at="2022-02-02T16:51:20 IST" finished-at="2022-02-02T16:51:20 IST">
          <reporter-output>
          </reporter-output>
        </test-method> <!-- test1 -->
        <test-method status="PASS" signature="test3()[pri:0, instance:TestngDemo.GroupingTests@3dd4520b]" name="test3" duration-ms="0" started-at="2022-02-02T16:51:20 IST" finished-at="2022-02-02T16:51:20 IST">
          <reporter-output>
          </reporter-output>
        </test-method> <!-- test3 -->
        <test-method status="PASS" signature="test2()[pri:0, instance:TestngDemo.GroupingTests@3dd4520b]" name="test2" duration-ms="0" started-at="2022-02-02T16:51:20 IST" finished-at="2022-02-02T16:51:20 IST">
          <reporter-output>
          </reporter-output>
        </test-method> <!-- test2 -->
        <test-method status="PASS" signature="test4()[pri:0, instance:TestngDemo.GroupingTests@3dd4520b]" name="test4" duration-ms="0" started-at="2022-02-02T16:51:20 IST" finished-at="2022-02-02T16:51:20 IST">
          <reporter-output>
          </reporter-output>
        </test-method> <!-- test4 -->
      </class> <!-- TestngDemo.GroupingTests -->
    </test> <!-- HRMtesting -->
  </suite> <!-- Default Suite -->
</testng-results>
